T1 - Benchmark et Walras à l'année de base
   res=3.2e-13 walras=2.0e-08 -> REUSSI
T2 - Réplication (solve BAU)
   écart=1.9e-11 PIB=9865.8 Mds -> REUSSI
T3 - Choc fiscal +10 pts agroalimentaire : recyclage budgétaire + Walras
   s=0.150 res=1.5e-03 coins=0
   s=0.169 res=1.7e-03 coins=0
   s=0.176 res=1.9e-03 coins=0
   s=0.188 res=1.9e-03 coins=0
   s=0.193 res=1.9e-03 coins=0
   s=0.197 res=2.0e-03 coins=0
   s=0.198 res=2.0e-03 coins=0
   res=2.0e-03 ΔRec=+31.5 ΔSG=+32.7 Mds bouclage=0.0e+00 walras=1047.1694 -> REUSSI
T4 - TFP +10% agriculture (homotopie)
   s=1.00 res=2.4e-15 ΔPIB=+3.40% walras=0.0000 -> REUSSI
T5 - Prix mondial de l'or -20% (homotopie, coins de rentes)
   s=0.150 res=8.6e-05 coins=0
   s=0.300 res=4.9e-05 coins=0
   s=0.450 res=3.8e-04 coins=0
   s=0.600 res=7.8e-04 coins=0
   s=0.750 res=1.2e-03 coins=0
   s=0.900 res=1.6e-03 coins=0
   s=1.00 res=1.9e-03 coins=0 ΔPIB=-0.15% walras=863.3290 -> ECHEC
T6 - Clôture chômage (salaire réel fixe)
   s=0.150 res=1.7e-03 coins=0
   s=0.300 res=1.6e-03 coins=0
   s=0.337 res=1.7e-03 coins=0
   s=0.345 res=1.9e-03 coins=0
   s=0.351 res=2.0e-03 coins=0
   s=0.361 res=2.0e-03 coins=0
   s=0.376 res=2.0e-03 coins=0
   s=0.388 res=2.0e-03 coins=0
   s=0.391 res=2.0e-03 coins=0
   s=0.393 res=2.0e-03 coins=0
   s=0.39 res=2.0e-03 chômage=0.06% |w_réel-Wbar|=8.1e-04 walras=799.0266 -> ECHEC
T7 - Dynamique récursive (T=3, ~minutes)
   PIB: 9866 10158 10471  conv=True maxWalras=0.0000 -> REUSSI
T8 - Robustesse au point de départ (±20%)
   res=2.8e-15 |PL-1|=1.9e-11 -> REUSSI
